2025-06-11 17:23:15 [info]: Token invalid or expired, refreshing...
2025-06-11 17:23:15 [error]: eBills authentication network error:
2025-06-11 17:30:24 [info]: Authenticating with eBills API...
2025-06-11 17:30:25 [info]: eBills authentication successful. Token expires at: Wed Jun 18 2025 05:30:25 GMT+0100 (West Africa Standard Time)
2025-06-11 17:30:25 [info]: Authenticated user: manuelwurld (Manuelwurld@gmail.com)
2025-06-11 17:30:25 [info]: User nicename: manuelwurld
2025-06-11 17:33:41 [info]: Clearing eBills authentication data
2025-06-11 17:33:41 [info]: Token invalid or expired, refreshing...
2025-06-11 17:33:41 [info]: Authenticating with eBills API...
2025-06-11 17:33:44 [info]: eBills authentication successful. Token expires at: Wed Jun 18 2025 05:33:44 GMT+0100 (West Africa Standard Time)
2025-06-11 17:33:44 [info]: Authenticated user: manuelwurld (Manuelwurld@gmail.com)
2025-06-11 17:33:44 [info]: User nicename: manuelwurld
2025-06-11 17:33:45 [warn]: Got 403, attempting token refresh... (attempt 1/2)
2025-06-11 17:33:45 [info]: Token invalid or expired, refreshing...
2025-06-11 17:33:45 [info]: Authenticating with eBills API...
2025-06-11 17:33:47 [info]: eBills authentication successful. Token expires at: Wed Jun 18 2025 05:33:47 GMT+0100 (West Africa Standard Time)
2025-06-11 17:33:47 [info]: Authenticated user: manuelwurld (Manuelwurld@gmail.com)
2025-06-11 17:33:47 [info]: User nicename: manuelwurld
2025-06-11 17:33:48 [error]: eBills API request failed after 2 attempts: Your IP Address is not allowed to access this API. Whitelist your IP Address at the developer tab of the account settings page. {
  "method": "GET",
  "endpoint": "/api/v2/balance",
  "status": 403,
  "statusText": "Forbidden",
  "code": "rest_forbidden",
  "data": {
    "code": "rest_forbidden",
    "message": "Your IP Address is not allowed to access this API. Whitelist your IP Address at the developer tab of the account settings page.",
    "data": {
      "status": 403
    }
  },
  "hasToken": true,
  "timeout": false
}
2025-06-11 17:33:49 [info]: Testing eBills API connection and authentication...
2025-06-11 17:33:49 [info]: ✅ Authentication successful
2025-06-11 17:33:49 [info]: Testing endpoint: /api/v2/user/profile
2025-06-11 17:33:50 [error]: eBills API request failed after 1 attempts: No route was found matching the URL and request method. {
  "method": "GET",
  "endpoint": "/api/v2/user/profile",
  "status": 404,
  "statusText": "Not Found",
  "code": "rest_no_route",
  "data": {
    "code": "rest_no_route",
    "message": "No route was found matching the URL and request method.",
    "data": {
      "status": 404
    }
  },
  "hasToken": true,
  "timeout": false
}
2025-06-11 17:33:50 [info]: Testing endpoint: /api/v2/user
2025-06-11 17:33:52 [error]: eBills API request failed after 1 attempts: No route was found matching the URL and request method. {
  "method": "GET",
  "endpoint": "/api/v2/user",
  "status": 404,
  "statusText": "Not Found",
  "code": "rest_no_route",
  "data": {
    "code": "rest_no_route",
    "message": "No route was found matching the URL and request method.",
    "data": {
      "status": 404
    }
  },
  "hasToken": true,
  "timeout": false
}
2025-06-11 17:33:52 [info]: Testing endpoint: /api/v2/balance
2025-06-11 17:33:53 [warn]: Got 403, attempting token refresh... (attempt 1/2)
2025-06-11 17:33:53 [info]: Token invalid or expired, refreshing...
2025-06-11 17:33:53 [info]: Authenticating with eBills API...
2025-06-11 17:33:54 [info]: eBills authentication successful. Token expires at: Wed Jun 18 2025 05:33:54 GMT+0100 (West Africa Standard Time)
2025-06-11 17:33:54 [info]: Authenticated user: manuelwurld (Manuelwurld@gmail.com)
2025-06-11 17:33:54 [info]: User nicename: manuelwurld
2025-06-11 17:33:55 [error]: eBills API request failed after 2 attempts: Your IP Address is not allowed to access this API. Whitelist your IP Address at the developer tab of the account settings page. {
  "method": "GET",
  "endpoint": "/api/v2/balance",
  "status": 403,
  "statusText": "Forbidden",
  "code": "rest_forbidden",
  "data": {
    "code": "rest_forbidden",
    "message": "Your IP Address is not allowed to access this API. Whitelist your IP Address at the developer tab of the account settings page.",
    "data": {
      "status": 403
    }
  },
  "hasToken": true,
  "timeout": false
}
2025-06-11 17:33:55 [info]: Testing endpoint: /api/user/profile
2025-06-11 17:33:56 [error]: eBills API request failed after 1 attempts: No route was found matching the URL and request method. {
  "method": "GET",
  "endpoint": "/api/user/profile",
  "status": 404,
  "statusText": "Not Found",
  "code": "rest_no_route",
  "data": {
    "code": "rest_no_route",
    "message": "No route was found matching the URL and request method.",
    "data": {
      "status": 404
    }
  },
  "hasToken": true,
  "timeout": false
}
2025-06-11 17:38:35 [info]: Clearing eBills authentication data
2025-06-11 17:38:35 [info]: Token invalid or expired, refreshing...
2025-06-11 17:38:35 [info]: Authenticating with eBills API...
2025-06-11 17:38:37 [info]: eBills authentication successful. Token expires at: Wed Jun 18 2025 05:38:37 GMT+0100 (West Africa Standard Time)
2025-06-11 17:38:37 [info]: Authenticated user: manuelwurld (Manuelwurld@gmail.com)
2025-06-11 17:38:37 [info]: User nicename: manuelwurld
2025-06-11 17:38:39 [error]: eBills API request failed after 1 attempts: No route was found matching the URL and request method. {
  "method": "GET",
  "endpoint": "/api/v2/user",
  "status": 404,
  "statusText": "Not Found",
  "code": "rest_no_route",
  "data": {
    "code": "rest_no_route",
    "message": "No route was found matching the URL and request method.",
    "data": {
      "status": 404
    }
  },
  "hasToken": true,
  "timeout": false
}
2025-06-11 17:38:40 [error]: eBills API request failed after 1 attempts: No route was found matching the URL and request method. {
  "method": "GET",
  "endpoint": "/api/v2/profile",
  "status": 404,
  "statusText": "Not Found",
  "code": "rest_no_route",
  "data": {
    "code": "rest_no_route",
    "message": "No route was found matching the URL and request method.",
    "data": {
      "status": 404
    }
  },
  "hasToken": true,
  "timeout": false
}
2025-06-11 17:38:41 [error]: eBills API request failed after 1 attempts: No route was found matching the URL and request method. {
  "method": "GET",
  "endpoint": "/api/v2/transactions",
  "status": 404,
  "statusText": "Not Found",
  "code": "rest_no_route",
  "data": {
    "code": "rest_no_route",
    "message": "No route was found matching the URL and request method.",
    "data": {
      "status": 404
    }
  },
  "hasToken": true,
  "timeout": false
}
2025-06-11 17:38:42 [error]: eBills API request failed after 1 attempts: No route was found matching the URL and request method. {
  "method": "GET",
  "endpoint": "/api/v2/wallet/balance",
  "status": 404,
  "statusText": "Not Found",
  "code": "rest_no_route",
  "data": {
    "code": "rest_no_route",
    "message": "No route was found matching the URL and request method.",
    "data": {
      "status": 404
    }
  },
  "hasToken": true,
  "timeout": false
}
